This is pdfTeX, Version 3.14159265-2.6-1.40.21 (TeX Live 2020/W32TeX) (preloaded format=latex 2020.5.17)  24 OCT 2021 17:08
entering extended mode
 restricted \write18 enabled.
 %&-line parsing enabled.
**\makeatletter\def\HCode{\futurelet\HCode\HChar}\def\HChar{\ifx\HCode\def\HCod
e##1{\Link##1}\expandafter\HCode\else\expandafter\Link\fi}\def\Link#1.a.b.c.{\g
@addto@macro\@documentclasshook{\RequirePackage[#1,html]{tex4ht}}\let\HCode\doc
umentstyle\def\documentstyle{\let\documentstyle\HCode\expandafter\def\csname te
x4ht\endcsname{#1,html}\def\HCode####1{\documentstyle[tex4ht,}\@ifnextchar[{\HC
ode}{\documentstyle[tex4ht]}}}\makeatother\HCode .a.b.c.\input  .\Sutlun_Gramma
r\Sutlun_Grammar.tex

! Emergency stop.
<*> ...}\makeatother\HCode .a.b.c.\input  .\Sutlun
                                                  _Grammar\Sutlun_Grammar.tex
End of file on the terminal!

 
Here is how much of TeX's memory you used:
 15 strings out of 480489
 362 string characters out of 5903886
 238940 words of memory out of 5000000
 16135 multiletter control sequences out of 15000+600000
 532338 words of font info for 24 fonts, out of 8000000 for 9000
 1141 hyphenation exceptions out of 8191
 11i,0n,15p,523b,8s stack positions out of 5000i,500n,10000p,200000b,80000s
No pages of output.
