This is XeTeX, Version 3.14159265-2.6-0.999992 (TeX Live 2020/W32TeX) (preloaded format=xelatex 2020.5.17)  12 DEC 2021 16:50
entering extended mode
 \write18 enabled.
 file:line:error style messages enabled.
 %&-line parsing enabled.
**c:/Users/sam/Documents/GitHub/VA/Copyright_Declaration/Copyright_Declaration.tex
(c:/Users/sam/Documents/GitHub/VA/Copyright_Declaration/Copyright_Declaration.tex
LaTeX2e <2020-02-02> patch level 5
L3 programming layer <2020-05-11> (c:/texlive/2020/texmf-dist/tex/latex/base/article.cls
Document Class: article 2019/12/20 v1.4l Standard LaTeX document class
(c:/texlive/2020/texmf-dist/tex/latex/base/size10.clo
File: size10.clo 2019/12/20 v1.4l Standard LaTeX file (size option)
)
\c@part=\count163
\c@section=\count164
\c@subsection=\count165
\c@subsubsection=\count166
\c@paragraph=\count167
\c@subparagraph=\count168
\c@figure=\count169
\c@table=\count170
\abovecaptionskip=\skip47
\belowcaptionskip=\skip48
\bibindent=\dimen134
) (c:/texlive/2020/texmf-dist/tex/latex/l3backend/l3backend-xdvipdfmx.def
File: l3backend-xdvipdfmx.def 2020-05-05 L3 backend support: xdvipdfmx
\g__graphics_track_int=\count171
\l__pdf_internal_box=\box45
\g__pdf_backend_object_int=\count172
\g__pdf_backend_annotation_int=\count173
) (c:/Users/sam/Documents/GitHub/VA/Copyright_Declaration/Copyright_Declaration.aux)
\openout1 = `Copyright_Declaration.aux'.

LaTeX Font Info:    Checking defaults for OML/cmm/m/it on input line 3.
LaTeX Font Info:    ... okay on input line 3.
LaTeX Font Info:    Checking defaults for OMS/cmsy/m/n on input line 3.
LaTeX Font Info:    ... okay on input line 3.
LaTeX Font Info:    Checking defaults for OT1/cmr/m/n on input line 3.
LaTeX Font Info:    ... okay on input line 3.
LaTeX Font Info:    Checking defaults for T1/cmr/m/n on input line 3.
LaTeX Font Info:    ... okay on input line 3.
LaTeX Font Info:    Checking defaults for TS1/cmr/m/n on input line 3.
LaTeX Font Info:    Trying to load font information for TS1+cmr on input line 3.
 (c:/texlive/2020/texmf-dist/tex/latex/base/ts1cmr.fd
File: ts1cmr.fd 2019/12/16 v2.5j Standard LaTeX font definitions
)
LaTeX Font Info:    ... okay on input line 3.
LaTeX Font Info:    Checking defaults for TU/lmr/m/n on input line 3.
LaTeX Font Info:    ... okay on input line 3.
LaTeX Font Info:    Checking defaults for OMX/cmex/m/n on input line 3.
LaTeX Font Info:    ... okay on input line 3.
LaTeX Font Info:    Checking defaults for U/cmr/m/n on input line 3.
LaTeX Font Info:    ... okay on input line 3.

Overfull \hbox (6.68202pt too wide) in paragraph at lines 13--16
\TU/lmr/m/n/10 habe, klar von meinen eigenen Überlegungen und Folgerungen unterschieden
 []


Overfull \hbox (5.64001pt too wide) in paragraph at lines 20--22
\TU/lmr/m/n/10 ich klar nach Herkunft von Texten und Bildern mit entsprechenden Internet-
 []

LaTeX Font Info:    External font `cmex10' loaded for size
(Font)              <7> on input line 32.
LaTeX Font Info:    External font `cmex10' loaded for size
(Font)              <5> on input line 32.

Underfull \hbox (badness 10000) in paragraph at lines 30--36

 []


Overfull \hbox (40.35pt too wide) in paragraph at lines 30--36
[] 
 []

[1

] (c:/Users/sam/Documents/GitHub/VA/Copyright_Declaration/Copyright_Declaration.aux) ) 
Here is how much of TeX's memory you used:
 408 strings out of 479294
 8464 string characters out of 5884395
 247656 words of memory out of 5000000
 18128 multiletter control sequences out of 15000+600000
 532362 words of font info for 27 fonts, out of 8000000 for 9000
 1348 hyphenation exceptions out of 8191
 24i,7n,19p,215b,107s stack positions out of 5000i,500n,10000p,200000b,80000s

Output written on c:/Users/sam/Documents/GitHub/VA/Copyright_Declaration/Copyright_Declaration.xdv (1 page, 12324 bytes).
