This is XeTeX, Version 3.14159265-2.6-0.999992 (TeX Live 2020/W32TeX) (preloaded format=xelatex 2020.5.17)  12 DEC 2021 02:14
entering extended mode
 \write18 enabled.
 file:line:error style messages enabled.
 %&-line parsing enabled.
**c:/Users/sam/Documents/GitHub/VA/Sutlun_Grammar/Sutlun_Grammar.tex
(c:/Users/sam/Documents/GitHub/VA/Sutlun_Grammar/Sutlun_Grammar.tex
LaTeX2e <2020-02-02> patch level 5
L3 programming layer <2020-05-11> (c:/texlive/2020/texmf-dist/tex/latex/base/book.cls
Document Class: book 2019/12/20 v1.4l Standard LaTeX document class
(c:/texlive/2020/texmf-dist/tex/latex/base/bk10.clo
File: bk10.clo 2019/12/20 v1.4l Standard LaTeX file (size option)
)
\c@part=\count163
\c@chapter=\count164
\c@section=\count165
\c@subsection=\count166
\c@subsubsection=\count167
\c@paragraph=\count168
\c@subparagraph=\count169
\c@figure=\count170
\c@table=\count171
\abovecaptionskip=\skip47
\belowcaptionskip=\skip48
\bibindent=\dimen134
) (c:/texlive/2020/texmf-dist/tex/latex/graphics/graphicx.sty
Package: graphicx 2019/11/30 v1.2a Enhanced LaTeX Graphics (DPC,SPQR)
 (c:/texlive/2020/texmf-dist/tex/latex/graphics/keyval.sty
Package: keyval 2014/10/28 v1.15 key=value parser (DPC)
\KV@toks@=\toks15
) (c:/texlive/2020/texmf-dist/tex/latex/graphics/graphics.sty
Package: graphics 2019/11/30 v1.4a Standard LaTeX Graphics (DPC,SPQR)
 (c:/texlive/2020/texmf-dist/tex/latex/graphics/trig.sty
Package: trig 2016/01/03 v1.10 sin cos tan (DPC)
) (c:/texlive/2020/texmf-dist/tex/latex/graphics-cfg/graphics.cfg
File: graphics.cfg 2016/06/04 v1.11 sample graphics configuration
)
Package graphics Info: Driver file: xetex.def on input line 105.
 (c:/texlive/2020/texmf-dist/tex/latex/graphics-def/xetex.def
File: xetex.def 2017/06/24 v5.0h Graphics/color driver for xetex
))
\Gin@req@height=\dimen135
\Gin@req@width=\dimen136
) (c:/texlive/2020/texmf-dist/tex/latex/gb4e/gb4e.sty (c:/texlive/2020/texmf-dist/tex/latex/gb4e/cgloss4e.sty
\lineone=\box45
\linetwo=\box46
\linethree=\box47
\wordone=\box48
\wordtwo=\box49
\wordthree=\box50
\gline=\box51
\glossglue=\skip49
)
\c@fnx=\count172
\@xnumdepth=\count173
\c@xnumi=\count174
\c@xnumii=\count175
\c@xnumiii=\count176
\c@xnumiv=\count177
\c@exx=\count178
\c@rxnumi=\count179
\c@rxnumii=\count180
\c@rxnumiii=\count181
\c@rxnumiv=\count182
\lcommentsep=\skip50
) (c:/texlive/2020/texmf-dist/tex/latex/tipa/tipa.sty
Package: tipa 2002/08/08 TIPA version 1.1
 (c:/texlive/2020/texmf-dist/tex/latex/base/fontenc.sty
Package: fontenc 2020/02/11 v2.0o Standard LaTeX package
 (c:/texlive/2020/texmf-dist/tex/latex/tipa/t3enc.def
File: t3enc.def 2001/12/31 T3 encoding
))) (c:/texlive/2020/texmf-dist/tex/latex/natbib/natbib.sty
Package: natbib 2010/09/13 8.31b (PWD, AO)
\bibhang=\skip51
\bibsep=\skip52
LaTeX Info: Redefining \cite on input line 694.
\c@NAT@ctr=\count183
) (c:/texlive/2020/texmf-dist/tex/latex/base/inputenc.sty
Package: inputenc 2018/08/11 v1.3c Input encoding file
\inpenc@prehook=\toks16
\inpenc@posthook=\toks17


Package inputenc Warning: inputenc package ignored with utf8 based engines.

) (c:/texlive/2020/texmf-dist/tex/latex/l3backend/l3backend-xdvipdfmx.def
File: l3backend-xdvipdfmx.def 2020-05-05 L3 backend support: xdvipdfmx
\g__graphics_track_int=\count184
\l__pdf_internal_box=\box52
\g__pdf_backend_object_int=\count185
\g__pdf_backend_annotation_int=\count186
) (c:/Users/sam/Documents/GitHub/VA/Sutlun_Grammar/Sutlun_Grammar.aux)
\openout1 = `Sutlun_Grammar.aux'.

LaTeX Font Info:    Checking defaults for OML/cmm/m/it on input line 12.
LaTeX Font Info:    ... okay on input line 12.
LaTeX Font Info:    Checking defaults for OMS/cmsy/m/n on input line 12.
LaTeX Font Info:    ... okay on input line 12.
LaTeX Font Info:    Checking defaults for OT1/cmr/m/n on input line 12.
LaTeX Font Info:    ... okay on input line 12.
LaTeX Font Info:    Checking defaults for T1/cmr/m/n on input line 12.
LaTeX Font Info:    ... okay on input line 12.
LaTeX Font Info:    Checking defaults for TS1/cmr/m/n on input line 12.
LaTeX Font Info:    Trying to load font information for TS1+cmr on input line 12.
 (c:/texlive/2020/texmf-dist/tex/latex/base/ts1cmr.fd
File: ts1cmr.fd 2019/12/16 v2.5j Standard LaTeX font definitions
)
LaTeX Font Info:    ... okay on input line 12.
LaTeX Font Info:    Checking defaults for TU/lmr/m/n on input line 12.
LaTeX Font Info:    ... okay on input line 12.
LaTeX Font Info:    Checking defaults for OMX/cmex/m/n on input line 12.
LaTeX Font Info:    ... okay on input line 12.
LaTeX Font Info:    Checking defaults for U/cmr/m/n on input line 12.
LaTeX Font Info:    ... okay on input line 12.
LaTeX Font Info:    Checking defaults for T3/cmr/m/n on input line 12.
LaTeX Font Info:    Trying to load font information for T3+cmr on input line 12.
 (c:/texlive/2020/texmf-dist/tex/latex/tipa/t3cmr.fd
File: t3cmr.fd 2001/12/31 TIPA font definitions
)
LaTeX Font Info:    ... okay on input line 12.
 [1

] [2

] (c:/Users/sam/Documents/GitHub/VA/Sutlun_Grammar/Sutlun_Grammar.toc
LaTeX Font Info:    External font `cmex10' loaded for size
(Font)              <7> on input line 3.
LaTeX Font Info:    External font `cmex10' loaded for size
(Font)              <5> on input line 3.
)
\tf@toc=\write3
\openout3 = `Sutlun_Grammar.toc'.

 [3]
Underfull \vbox (badness 10000) has occurred while \output is active []

 [4] [5

] [6]
Chapter 1.
LaTeX Font Info:    Trying to load font information for T3+lmr on input line 43.
LaTeX Font Info:    No file T3lmr.fd. on input line 43.

LaTeX Font Warning: Font shape `T3/lmr/m/n' undefined
(Font)              using `T3/cmr/m/n' instead on input line 43.

[7

] [8]
File: ../images/Lumlun-Diagram.png Graphic file (type bmp)
<../images/Lumlun-Diagram.png>
 [9] [10

]
Chapter 2.
[11] [12] [13] [14]
Chapter 3.
[15

] [16] [17

] [18]
Underfull \hbox (badness 10000) in paragraph at lines 432--440

 []


Underfull \hbox (badness 10000) in paragraph at lines 442--450

 []


Underfull \hbox (badness 10000) in paragraph at lines 452--460

 []


Underfull \hbox (badness 10000) in paragraph at lines 462--470

 []


Underfull \hbox (badness 10000) in paragraph at lines 472--480

 []

[19]
Underfull \hbox (badness 10000) in paragraph at lines 486--494

 []


Underfull \hbox (badness 10000) in paragraph at lines 496--504

 []


Underfull \hbox (badness 10000) in paragraph at lines 506--514

 []


Underfull \hbox (badness 10000) in paragraph at lines 516--524

 []

[20]
Underfull \hbox (badness 10000) in paragraph at lines 530--538

 []


Underfull \hbox (badness 10000) in paragraph at lines 540--549

 []


Underfull \hbox (badness 10000) in paragraph at lines 551--560

 []


Underfull \hbox (badness 10000) in paragraph at lines 562--570

 []

[21]
Underfull \hbox (badness 10000) in paragraph at lines 572--580

 []


Underfull \hbox (badness 10000) in paragraph at lines 582--590

 []


Underfull \hbox (badness 10000) in paragraph at lines 592--600

 []


Underfull \hbox (badness 10000) in paragraph at lines 606--614

 []

[22]
Underfull \hbox (badness 10000) in paragraph at lines 616--624

 []


Underfull \hbox (badness 10000) in paragraph at lines 626--634

 []


Underfull \hbox (badness 10000) in paragraph at lines 636--644

 []


Underfull \hbox (badness 10000) in paragraph at lines 646--654

 []


Underfull \hbox (badness 10000) in paragraph at lines 656--664

 []

[23]
Underfull \hbox (badness 10000) in paragraph at lines 666--674

 []


Underfull \hbox (badness 10000) in paragraph at lines 680--688

 []


Underfull \hbox (badness 10000) in paragraph at lines 690--699

 []


Underfull \hbox (badness 10000) in paragraph at lines 701--709

 []

[24]
Underfull \hbox (badness 10000) in paragraph at lines 711--719

 []


Underfull \hbox (badness 10000) in paragraph at lines 721--729

 []


Underfull \hbox (badness 10000) in paragraph at lines 731--739

 []


Underfull \hbox (badness 10000) in paragraph at lines 741--749

 []


Underfull \hbox (badness 10000) in paragraph at lines 751--759

 []

[25]
Underfull \hbox (badness 10000) in paragraph at lines 765--773

 []


Underfull \hbox (badness 10000) in paragraph at lines 775--783

 []


Underfull \hbox (badness 10000) in paragraph at lines 785--793

 []


Underfull \hbox (badness 10000) in paragraph at lines 795--803

 []

[26]
Underfull \hbox (badness 10000) in paragraph at lines 805--813

 []


Underfull \hbox (badness 10000) in paragraph at lines 815--823

 []


Underfull \hbox (badness 10000) in paragraph at lines 829--837

 []


Underfull \hbox (badness 10000) in paragraph at lines 839--847

 []

[27]
Underfull \hbox (badness 10000) in paragraph at lines 849--857

 []


Underfull \hbox (badness 10000) in paragraph at lines 859--867

 []


Underfull \hbox (badness 10000) in paragraph at lines 869--877

 []


Underfull \hbox (badness 10000) in paragraph at lines 879--887

 []

[28]
Underfull \hbox (badness 10000) in paragraph at lines 893--902

 []


Underfull \hbox (badness 10000) in paragraph at lines 904--912

 []


Underfull \hbox (badness 10000) in paragraph at lines 914--922

 []


Underfull \hbox (badness 10000) in paragraph at lines 924--932

 []

[29]
Underfull \hbox (badness 10000) in paragraph at lines 938--946

 []


Underfull \hbox (badness 10000) in paragraph at lines 948--956

 []


Underfull \hbox (badness 10000) in paragraph at lines 958--966

 []


Underfull \hbox (badness 10000) in paragraph at lines 968--976

 []

[30]
Underfull \hbox (badness 10000) in paragraph at lines 982--990

 []


Underfull \hbox (badness 10000) in paragraph at lines 992--1000

 []


Underfull \hbox (badness 10000) in paragraph at lines 1002--1010

 []


Underfull \hbox (badness 10000) in paragraph at lines 1012--1020

 []

[31]
Underfull \hbox (badness 10000) in paragraph at lines 1022--1030

 []


Underfull \hbox (badness 10000) in paragraph at lines 1032--1040

 []


Underfull \hbox (badness 10000) in paragraph at lines 1042--1050

 []


Underfull \hbox (badness 10000) in paragraph at lines 1056--1064

 []

[32]
Underfull \hbox (badness 10000) in paragraph at lines 1066--1074

 []


Underfull \hbox (badness 10000) in paragraph at lines 1076--1084

 []


Underfull \hbox (badness 10000) in paragraph at lines 1086--1094

 []

(c:/Users/sam/Documents/GitHub/VA/Sutlun_Grammar/Sutlun_Grammar.bbl [33] [34

]) [35] (c:/Users/sam/Documents/GitHub/VA/Sutlun_Grammar/Sutlun_Grammar.aux)

LaTeX Font Warning: Some font shapes were not available, defaults substituted.

 ) 
Here is how much of TeX's memory you used:
 2445 strings out of 479294
 32473 string characters out of 5884395
 275857 words of memory out of 5000000
 20087 multiletter control sequences out of 15000+600000
 533122 words of font info for 39 fonts, out of 8000000 for 9000
 1348 hyphenation exceptions out of 8191
 37i,7n,28p,262b,220s stack positions out of 5000i,500n,10000p,200000b,80000s

Output written on c:/Users/sam/Documents/GitHub/VA/Sutlun_Grammar/Sutlun_Grammar.xdv (35 pages, 304196 bytes).
